<?xml version="1.0" encoding="UTF-8"?>
<!-- Generated by org.testng.reporters.JUnitReportReporter -->
<testsuite hostname="DESKTOP-M0LQVP0" failures="0" tests="4" name="com.mystore.testcases.IndexPageTest" time="9.790" errors="0" timestamp="2024-03-31T12:29:53 IST" skipped="0">
  <testcase classname="com.mystore.testcases.IndexPageTest" name="VerifySearchProduct" time="8.338"/>
  <system-out/>
  <testcase classname="com.mystore.testcases.IndexPageTest" name="VerifyLogo" time="1.437"/>
  <system-out/>
  <testcase classname="com.mystore.testcases.IndexPageTest" name="VerifyTitle" time="0.014"/>
  <system-out/>
  <testcase classname="com.mystore.testcases.IndexPageTest" name="testMethod" time="0.001"/>
  <system-out/>
</testsuite> <!-- com.mystore.testcases.IndexPageTest -->
